<?xml version="1.0" encoding="UTF-8"?>
<!-- Generated by org.testng.reporters.JUnitReportReporter -->
<testsuite hostname="SARAVANAN-PC" name="Demo1" tests="1" failures="0" timestamp="4 Oct 2017 07:55:37 GMT" time="15.035" errors="0">
  <testcase name="gmail_login" time="15.035" classname="Demo1"/>
</testsuite> <!-- Demo1 -->
